<?xml version="1.0" encoding="UTF-8"?>
<coverage generated="1590176280837" clover="3.2.0">
  <project timestamp="1590176280838" name="All files">
    <metrics statements="33" coveredstatements="12" conditionals="3" coveredconditionals="0" methods="26" coveredmethods="8" elements="62" coveredelements="20" complexity="0" loc="33" ncloc="33" packages="2" files="4" classes="4">
      <package name="components">
        <metrics statements="17" coveredstatements="7" conditionals="3" coveredconditionals="0" methods="13" coveredmethods="4"/>
        <file name="Article.js" path="/Users/b0212210/Documents/personal/advanced-react/lib/components/Article.js">
          <metrics statements="6" coveredstatements="3" conditionals="0" coveredconditionals="0" methods="3" coveredmethods="0"/>
          <line num="5" count="1" type="stmt"/>
          <line num="29" count="1" type="stmt"/>
          <line num="34" count="0" type="stmt"/>
          <line num="35" count="0" type="stmt"/>
          <line num="45" count="1" type="stmt"/>
          <line num="54" count="0" type="stmt"/>
        </file>
        <file name="ArticleList.js" path="/Users/b0212210/Documents/personal/advanced-react/lib/components/ArticleList.js">
          <metrics statements="2" coveredstatements="2" conditionals="0" coveredconditionals="0" methods="2" coveredmethods="2"/>
          <line num="6" count="1" type="stmt"/>
          <line num="8" count="2" type="stmt"/>
        </file>
        <file name="storeProvider.js" path="/Users/b0212210/Documents/personal/advanced-react/lib/components/storeProvider.js">
          <metrics statements="9" coveredstatements="2" conditionals="3" coveredconditionals="0" methods="8" coveredmethods="2"/>
          <line num="5" count="1" type="cond" truecount="0" falsecount="1"/>
          <line num="7" count="1" type="stmt"/>
          <line num="15" count="0" type="stmt"/>
          <line num="21" count="0" type="cond" truecount="0" falsecount="2"/>
          <line num="22" count="0" type="stmt"/>
          <line num="27" count="0" type="stmt"/>
          <line num="31" count="0" type="stmt"/>
          <line num="32" count="0" type="stmt"/>
          <line num="35" count="0" type="stmt"/>
        </file>
      </package>
      <package name="state-api.lib">
        <metrics statements="16" coveredstatements="5" conditionals="0" coveredconditionals="0" methods="13" coveredmethods="4"/>
        <file name="index.js" path="/Users/b0212210/Documents/personal/advanced-react/lib/state-api/lib/index.js">
          <metrics statements="16" coveredstatements="5" conditionals="0" coveredconditionals="0" methods="13" coveredmethods="4"/>
          <line num="3" count="1" type="stmt"/>
          <line num="9" count="1" type="stmt"/>
          <line num="10" count="1" type="stmt"/>
          <line num="14" count="9" type="stmt"/>
          <line num="19" count="0" type="stmt"/>
          <line num="23" count="2" type="stmt"/>
          <line num="27" count="0" type="stmt"/>
          <line num="28" count="0" type="stmt"/>
          <line num="29" count="0" type="stmt"/>
          <line num="33" count="0" type="stmt"/>
          <line num="37" count="0" type="stmt"/>
          <line num="41" count="0" type="stmt"/>
          <line num="45" count="0" type="stmt"/>
          <line num="49" count="0" type="stmt"/>
          <line num="55" count="0" type="stmt"/>
          <line num="56" count="0" type="stmt"/>
        </file>
      </package>
    </metrics>
  </project>
</coverage>
