{"/Users/b0212210/Documents/personal/advanced-react/lib/components/Article.js": {"path":"/Users/b0212210/Documents/personal/advanced-react/lib/components/Article.js","statementMap":{"0":{"start":{"line":5,"column":15},"end":{"line":27,"column":1}},"1":{"start":{"line":29,"column":20},"end":{"line":29,"column":71}},"2":{"start":{"line":29,"column":36},"end":{"line":29,"column":71}},"3":{"start":{"line":34,"column":32},"end":{"line":34,"column":42}},"4":{"start":{"line":35,"column":4},"end":{"line":41,"column":14}},"5":{"start":{"line":45,"column":0},"end":{"line":51,"column":2}},"6":{"start":{"line":54,"column":2},"end":{"line":56,"column":4}}},"fnMap":{"0":{"name":"(anonymous_0)","decl":{"start":{"line":29,"column":20},"end":{"line":29,"column":21}},"loc":{"start":{"line":29,"column":36},"end":{"line":29,"column":71}},"line":29},"1":{"name":"(anonymous_1)","decl":{"start":{"line":33,"column":2},"end":{"line":33,"column":3}},"loc":{"start":{"line":33,"column":11},"end":{"line":42,"column":3}},"line":33},"2":{"name":"extraProps","decl":{"start":{"line":53,"column":9},"end":{"line":53,"column":19}},"loc":{"start":{"line":53,"column":41},"end":{"line":57,"column":1}},"line":53}},"branchMap":{},"s":{"0":1,"1":1,"2":0,"3":0,"4":0,"5":1,"6":0},"f":{"0":0,"1":0,"2":0},"b":{},"_coverageSchema":"332fd63041d2c1bcb487cc26dd0d5f7d97098a6c","hash":"ee70082feaad6d8c83101fd5634476358f0f30c7"}
,"/Users/b0212210/Documents/personal/advanced-react/lib/components/ArticleList.js": {"path":"/Users/b0212210/Documents/personal/advanced-react/lib/components/ArticleList.js","statementMap":{"0":{"start":{"line":6,"column":4},"end":{"line":13,"column":5}},"1":{"start":{"line":8,"column":8},"end":{"line":11,"column":10}}},"fnMap":{"0":{"name":"(anonymous_0)","decl":{"start":{"line":5,"column":2},"end":{"line":5,"column":3}},"loc":{"start":{"line":5,"column":11},"end":{"line":14,"column":3}},"line":5},"1":{"name":"(anonymous_1)","decl":{"start":{"line":7,"column":51},"end":{"line":7,"column":52}},"loc":{"start":{"line":8,"column":8},"end":{"line":11,"column":10}},"line":8}},"branchMap":{},"s":{"0":1,"1":2},"f":{"0":1,"1":2},"b":{},"_coverageSchema":"332fd63041d2c1bcb487cc26dd0d5f7d97098a6c","hash":"d2ee690e8e330fcbdb04f3357ac0571133e59bef"}
,"/Users/b0212210/Documents/personal/advanced-react/lib/components/storeProvider.js": {"path":"/Users/b0212210/Documents/personal/advanced-react/lib/components/storeProvider.js","statementMap":{"0":{"start":{"line":5,"column":22},"end":{"line":41,"column":1}},"1":{"start":{"line":5,"column":42},"end":{"line":5,"column":44}},"2":{"start":{"line":5,"column":50},"end":{"line":41,"column":1}},"3":{"start":{"line":7,"column":2},"end":{"line":40,"column":4}},"4":{"start":{"line":15,"column":6},"end":{"line":15,"column":55}},"5":{"start":{"line":21,"column":6},"end":{"line":23,"column":7}},"6":{"start":{"line":22,"column":8},"end":{"line":22,"column":40}},"7":{"start":{"line":27,"column":6},"end":{"line":27,"column":77}},"8":{"start":{"line":31,"column":6},"end":{"line":31,"column":58}},"9":{"start":{"line":32,"column":6},"end":{"line":32,"column":33}},"10":{"start":{"line":35,"column":6},"end":{"line":38,"column":39}}},"fnMap":{"0":{"name":"(anonymous_0)","decl":{"start":{"line":5,"column":22},"end":{"line":5,"column":23}},"loc":{"start":{"line":5,"column":50},"end":{"line":41,"column":1}},"line":5},"1":{"name":"(anonymous_1)","decl":{"start":{"line":5,"column":36},"end":{"line":5,"column":37}},"loc":{"start":{"line":5,"column":42},"end":{"line":5,"column":44}},"line":5},"2":{"name":"(anonymous_2)","decl":{"start":{"line":5,"column":50},"end":{"line":5,"column":51}},"loc":{"start":{"line":5,"column":65},"end":{"line":41,"column":1}},"line":5},"3":{"name":"(anonymous_3)","decl":{"start":{"line":14,"column":16},"end":{"line":14,"column":17}},"loc":{"start":{"line":14,"column":21},"end":{"line":16,"column":5}},"line":14},"4":{"name":"(anonymous_4)","decl":{"start":{"line":20,"column":18},"end":{"line":20,"column":19}},"loc":{"start":{"line":20,"column":22},"end":{"line":24,"column":5}},"line":20},"5":{"name":"(anonymous_5)","decl":{"start":{"line":26,"column":4},"end":{"line":26,"column":5}},"loc":{"start":{"line":26,"column":24},"end":{"line":28,"column":5}},"line":26},"6":{"name":"(anonymous_6)","decl":{"start":{"line":30,"column":4},"end":{"line":30,"column":5}},"loc":{"start":{"line":30,"column":27},"end":{"line":33,"column":5}},"line":30},"7":{"name":"(anonymous_7)","decl":{"start":{"line":34,"column":4},"end":{"line":34,"column":5}},"loc":{"start":{"line":34,"column":13},"end":{"line":39,"column":5}},"line":34}},"branchMap":{"0":{"loc":{"start":{"line":5,"column":23},"end":{"line":5,"column":45}},"type":"default-arg","locations":[{"start":{"line":5,"column":36},"end":{"line":5,"column":45}}],"line":5},"1":{"loc":{"start":{"line":21,"column":6},"end":{"line":23,"column":7}},"type":"if","locations":[{"start":{"line":21,"column":6},"end":{"line":23,"column":7}},{"start":{"line":21,"column":6},"end":{"line":23,"column":7}}],"line":21}},"s":{"0":1,"1":0,"2":1,"3":1,"4":0,"5":0,"6":0,"7":0,"8":0,"9":0,"10":0},"f":{"0":1,"1":0,"2":1,"3":0,"4":0,"5":0,"6":0,"7":0},"b":{"0":[0],"1":[0,0]},"_coverageSchema":"332fd63041d2c1bcb487cc26dd0d5f7d97098a6c","hash":"adb34e3377ff068e54dddbb03e71fdcdd5d1fb46"}
,"/Users/b0212210/Documents/personal/advanced-react/lib/state-api/lib/index.js": {"path":"/Users/b0212210/Documents/personal/advanced-react/lib/state-api/lib/index.js","statementMap":{"0":{"start":{"line":3,"column":4},"end":{"line":8,"column":6}},"1":{"start":{"line":9,"column":4},"end":{"line":9,"column":28}},"2":{"start":{"line":10,"column":4},"end":{"line":10,"column":32}},"3":{"start":{"line":14,"column":4},"end":{"line":15,"column":10}},"4":{"start":{"line":14,"column":38},"end":{"line":14,"column":64}},"5":{"start":{"line":14,"column":65},"end":{"line":14,"column":76}},"6":{"start":{"line":19,"column":4},"end":{"line":19,"column":39}},"7":{"start":{"line":23,"column":4},"end":{"line":23,"column":21}},"8":{"start":{"line":27,"column":4},"end":{"line":27,"column":30}},"9":{"start":{"line":28,"column":4},"end":{"line":28,"column":59}},"10":{"start":{"line":29,"column":4},"end":{"line":29,"column":35}},"11":{"start":{"line":33,"column":4},"end":{"line":33,"column":46}},"12":{"start":{"line":37,"column":4},"end":{"line":37,"column":70}},"13":{"start":{"line":37,"column":58},"end":{"line":37,"column":68}},"14":{"start":{"line":41,"column":4},"end":{"line":44,"column":5}},"15":{"start":{"line":45,"column":4},"end":{"line":45,"column":29}},"16":{"start":{"line":49,"column":4},"end":{"line":51,"column":6}},"17":{"start":{"line":55,"column":4},"end":{"line":59,"column":12}},"18":{"start":{"line":56,"column":6},"end":{"line":58,"column":8}}},"fnMap":{"0":{"name":"(anonymous_0)","decl":{"start":{"line":2,"column":2},"end":{"line":2,"column":3}},"loc":{"start":{"line":2,"column":22},"end":{"line":11,"column":3}},"line":2},"1":{"name":"(anonymous_1)","decl":{"start":{"line":13,"column":2},"end":{"line":13,"column":3}},"loc":{"start":{"line":13,"column":20},"end":{"line":16,"column":3}},"line":13},"2":{"name":"(anonymous_2)","decl":{"start":{"line":14,"column":22},"end":{"line":14,"column":23}},"loc":{"start":{"line":14,"column":37},"end":{"line":15,"column":5}},"line":14},"3":{"name":"(anonymous_3)","decl":{"start":{"line":18,"column":17},"end":{"line":18,"column":18}},"loc":{"start":{"line":18,"column":31},"end":{"line":20,"column":3}},"line":18},"4":{"name":"(anonymous_4)","decl":{"start":{"line":22,"column":13},"end":{"line":22,"column":14}},"loc":{"start":{"line":22,"column":19},"end":{"line":24,"column":3}},"line":22},"5":{"name":"(anonymous_5)","decl":{"start":{"line":26,"column":12},"end":{"line":26,"column":13}},"loc":{"start":{"line":26,"column":24},"end":{"line":30,"column":3}},"line":26},"6":{"name":"(anonymous_6)","decl":{"start":{"line":32,"column":14},"end":{"line":32,"column":15}},"loc":{"start":{"line":32,"column":32},"end":{"line":34,"column":3}},"line":32},"7":{"name":"(anonymous_7)","decl":{"start":{"line":36,"column":20},"end":{"line":36,"column":21}},"loc":{"start":{"line":36,"column":24},"end":{"line":38,"column":3}},"line":36},"8":{"name":"(anonymous_8)","decl":{"start":{"line":37,"column":46},"end":{"line":37,"column":47}},"loc":{"start":{"line":37,"column":58},"end":{"line":37,"column":68}},"line":37},"9":{"name":"(anonymous_9)","decl":{"start":{"line":40,"column":17},"end":{"line":40,"column":18}},"loc":{"start":{"line":40,"column":32},"end":{"line":46,"column":3}},"line":40},"10":{"name":"(anonymous_10)","decl":{"start":{"line":48,"column":16},"end":{"line":48,"column":17}},"loc":{"start":{"line":48,"column":30},"end":{"line":52,"column":3}},"line":48},"11":{"name":"(anonymous_11)","decl":{"start":{"line":54,"column":13},"end":{"line":54,"column":14}},"loc":{"start":{"line":54,"column":17},"end":{"line":60,"column":3}},"line":54},"12":{"name":"(anonymous_12)","decl":{"start":{"line":55,"column":16},"end":{"line":55,"column":17}},"loc":{"start":{"line":55,"column":20},"end":{"line":59,"column":5}},"line":55}},"branchMap":{},"s":{"0":1,"1":1,"2":1,"3":2,"4":9,"5":9,"6":0,"7":2,"8":0,"9":0,"10":0,"11":0,"12":0,"13":0,"14":0,"15":0,"16":0,"17":0,"18":0},"f":{"0":1,"1":2,"2":9,"3":0,"4":2,"5":0,"6":0,"7":0,"8":0,"9":0,"10":0,"11":0,"12":0},"b":{},"_coverageSchema":"332fd63041d2c1bcb487cc26dd0d5f7d97098a6c","hash":"af8ca95c3ba828dbd6fb5855e0921e99fcaab64b"}
}
